[2023-11-30 05:03:57,445] {taskinstance.py:1159} INFO - Dependencies all met for <TaskInstance: final_project_3.check_working_directory manual__2023-11-30T05:03:55.746089+00:00 [queued]>
[2023-11-30 05:03:57,460] {taskinstance.py:1159} INFO - Dependencies all met for <TaskInstance: final_project_3.check_working_directory manual__2023-11-30T05:03:55.746089+00:00 [queued]>
[2023-11-30 05:03:57,460] {taskinstance.py:1356} INFO - 
--------------------------------------------------------------------------------
[2023-11-30 05:03:57,460] {taskinstance.py:1357} INFO - Starting attempt 1 of 4
[2023-11-30 05:03:57,461] {taskinstance.py:1358} INFO - 
--------------------------------------------------------------------------------
[2023-11-30 05:03:57,483] {taskinstance.py:1377} INFO - Executing <Task(BashOperator): check_working_directory> on 2023-11-30 05:03:55.746089+00:00
[2023-11-30 05:03:57,490] {standard_task_runner.py:52} INFO - Started process 3277 to run task
[2023-11-30 05:03:57,494] {standard_task_runner.py:79} INFO - Running: ['***', 'tasks', 'run', 'final_project_3', 'check_working_directory', 'manual__2023-11-30T05:03:55.746089+00:00', '--job-id', '18', '--raw', '--subdir', 'DAGS_FOLDER/dag_final.py', '--cfg-path', '/tmp/tmpyf3yic0y', '--error-file', '/tmp/tmpo18iezxi']
[2023-11-30 05:03:57,495] {standard_task_runner.py:80} INFO - Job 18: Subtask check_working_directory
[2023-11-30 05:03:57,584] {task_command.py:369} INFO - Running <TaskInstance: final_project_3.check_working_directory manual__2023-11-30T05:03:55.746089+00:00 [running]> on host 8e6e0b239644
[2023-11-30 05:03:57,705] {taskinstance.py:1571} INFO - Exporting the following env vars:
AIRFLOW_CTX_DAG_EMAIL=sebastiancahyoardhiiswara@gmail.com
AIRFLOW_CTX_DAG_OWNER=***
AIRFLOW_CTX_DAG_ID=final_project_3
AIRFLOW_CTX_TASK_ID=check_working_directory
AIRFLOW_CTX_EXECUTION_DATE=2023-11-30T05:03:55.746089+00:00
AIRFLOW_CTX_TRY_NUMBER=1
AIRFLOW_CTX_DAG_RUN_ID=manual__2023-11-30T05:03:55.746089+00:00
[2023-11-30 05:03:57,706] {subprocess.py:62} INFO - Tmp dir root location: 
 /tmp
[2023-11-30 05:03:57,707] {subprocess.py:74} INFO - Running command: ['bash', '-c', 'pwd']
[2023-11-30 05:03:57,723] {subprocess.py:85} INFO - Output:
[2023-11-30 05:03:57,725] {subprocess.py:92} INFO - /tmp/***tmpq_jhqz6_
[2023-11-30 05:03:57,726] {subprocess.py:96} INFO - Command exited with return code 0
[2023-11-30 05:03:57,769] {taskinstance.py:1400} INFO - Marking task as SUCCESS. dag_id=final_project_3, task_id=check_working_directory, execution_date=20231130T050355, start_date=20231130T050357, end_date=20231130T050357
[2023-11-30 05:03:57,800] {local_task_job.py:156} INFO - Task exited with return code 0
[2023-11-30 05:03:57,863] {local_task_job.py:273} INFO - 1 downstream tasks scheduled from follow-on schedule check
