[2023-11-30 05:03:46,572] {taskinstance.py:1159} INFO - Dependencies all met for <TaskInstance: final_project_3.check_working_directory manual__2023-11-30T04:51:41.340710+00:00 [queued]>
[2023-11-30 05:03:46,589] {taskinstance.py:1159} INFO - Dependencies all met for <TaskInstance: final_project_3.check_working_directory manual__2023-11-30T04:51:41.340710+00:00 [queued]>
[2023-11-30 05:03:46,590] {taskinstance.py:1356} INFO - 
--------------------------------------------------------------------------------
[2023-11-30 05:03:46,590] {taskinstance.py:1357} INFO - Starting attempt 1 of 4
[2023-11-30 05:03:46,590] {taskinstance.py:1358} INFO - 
--------------------------------------------------------------------------------
[2023-11-30 05:03:46,614] {taskinstance.py:1377} INFO - Executing <Task(BashOperator): check_working_directory> on 2023-11-30 04:51:41.340710+00:00
[2023-11-30 05:03:46,624] {standard_task_runner.py:52} INFO - Started process 3252 to run task
[2023-11-30 05:03:46,629] {standard_task_runner.py:79} INFO - Running: ['***', 'tasks', 'run', 'final_project_3', 'check_working_directory', 'manual__2023-11-30T04:51:41.340710+00:00', '--job-id', '16', '--raw', '--subdir', 'DAGS_FOLDER/dag_final.py', '--cfg-path', '/tmp/tmpae8r32jb', '--error-file', '/tmp/tmpz0o2qjr8']
[2023-11-30 05:03:46,632] {standard_task_runner.py:80} INFO - Job 16: Subtask check_working_directory
[2023-11-30 05:03:46,744] {task_command.py:369} INFO - Running <TaskInstance: final_project_3.check_working_directory manual__2023-11-30T04:51:41.340710+00:00 [running]> on host 8e6e0b239644
[2023-11-30 05:03:46,867] {taskinstance.py:1571} INFO - Exporting the following env vars:
AIRFLOW_CTX_DAG_EMAIL=sebastiancahyoardhiiswara@gmail.com
AIRFLOW_CTX_DAG_OWNER=***
AIRFLOW_CTX_DAG_ID=final_project_3
AIRFLOW_CTX_TASK_ID=check_working_directory
AIRFLOW_CTX_EXECUTION_DATE=2023-11-30T04:51:41.340710+00:00
AIRFLOW_CTX_TRY_NUMBER=1
AIRFLOW_CTX_DAG_RUN_ID=manual__2023-11-30T04:51:41.340710+00:00
[2023-11-30 05:03:46,869] {subprocess.py:62} INFO - Tmp dir root location: 
 /tmp
[2023-11-30 05:03:46,870] {subprocess.py:74} INFO - Running command: ['bash', '-c', 'pwd']
[2023-11-30 05:03:46,883] {subprocess.py:85} INFO - Output:
[2023-11-30 05:03:46,887] {subprocess.py:92} INFO - /tmp/***tmpmjdqvjsy
[2023-11-30 05:03:46,887] {subprocess.py:96} INFO - Command exited with return code 0
[2023-11-30 05:03:46,936] {taskinstance.py:1400} INFO - Marking task as SUCCESS. dag_id=final_project_3, task_id=check_working_directory, execution_date=20231130T045141, start_date=20231130T050346, end_date=20231130T050346
[2023-11-30 05:03:46,979] {local_task_job.py:156} INFO - Task exited with return code 0
[2023-11-30 05:03:47,136] {local_task_job.py:273} INFO - 1 downstream tasks scheduled from follow-on schedule check
