[2023-11-30 02:23:11,021] {taskinstance.py:1159} INFO - Dependencies all met for <TaskInstance: tutorial.templated scheduled__2023-11-29T02:22:48.926496+00:00 [queued]>
[2023-11-30 02:23:11,060] {taskinstance.py:1159} INFO - Dependencies all met for <TaskInstance: tutorial.templated scheduled__2023-11-29T02:22:48.926496+00:00 [queued]>
[2023-11-30 02:23:11,062] {taskinstance.py:1356} INFO - 
--------------------------------------------------------------------------------
[2023-11-30 02:23:11,062] {taskinstance.py:1357} INFO - Starting attempt 1 of 2
[2023-11-30 02:23:11,063] {taskinstance.py:1358} INFO - 
--------------------------------------------------------------------------------
[2023-11-30 02:23:11,111] {taskinstance.py:1377} INFO - Executing <Task(BashOperator): templated> on 2023-11-29 02:22:48.926496+00:00
[2023-11-30 02:23:11,123] {standard_task_runner.py:52} INFO - Started process 209 to run task
[2023-11-30 02:23:11,148] {standard_task_runner.py:79} INFO - Running: ['***', 'tasks', 'run', 'tutorial', 'templated', 'scheduled__2023-11-29T02:22:48.926496+00:00', '--job-id', '8', '--raw', '--subdir', 'DAGS_FOLDER/final_project.py', '--cfg-path', '/tmp/tmpqi3v1kjt', '--error-file', '/tmp/tmpgvv6t56n']
[2023-11-30 02:23:11,156] {standard_task_runner.py:80} INFO - Job 8: Subtask templated
[2023-11-30 02:23:11,484] {task_command.py:369} INFO - Running <TaskInstance: tutorial.templated scheduled__2023-11-29T02:22:48.926496+00:00 [running]> on host 8e6e0b239644
[2023-11-30 02:23:12,299] {taskinstance.py:1571} INFO - Exporting the following env vars:
AIRFLOW_CTX_DAG_EMAIL=***@example.com
AIRFLOW_CTX_DAG_OWNER=***
AIRFLOW_CTX_DAG_ID=tutorial
AIRFLOW_CTX_TASK_ID=templated
AIRFLOW_CTX_EXECUTION_DATE=2023-11-29T02:22:48.926496+00:00
AIRFLOW_CTX_TRY_NUMBER=1
AIRFLOW_CTX_DAG_RUN_ID=scheduled__2023-11-29T02:22:48.926496+00:00
[2023-11-30 02:23:12,310] {subprocess.py:62} INFO - Tmp dir root location: 
 /tmp
[2023-11-30 02:23:12,312] {subprocess.py:74} INFO - Running command: ['bash', '-c', '\n\n    echo "2023-11-29"\n    echo "2023-12-06"\n\n    echo "2023-11-29"\n    echo "2023-12-06"\n\n    echo "2023-11-29"\n    echo "2023-12-06"\n\n    echo "2023-11-29"\n    echo "2023-12-06"\n\n    echo "2023-11-29"\n    echo "2023-12-06"\n']
[2023-11-30 02:23:12,339] {subprocess.py:85} INFO - Output:
[2023-11-30 02:23:12,352] {subprocess.py:92} INFO - 2023-11-29
[2023-11-30 02:23:12,353] {subprocess.py:92} INFO - 2023-12-06
[2023-11-30 02:23:12,353] {subprocess.py:92} INFO - 2023-11-29
[2023-11-30 02:23:12,353] {subprocess.py:92} INFO - 2023-12-06
[2023-11-30 02:23:12,354] {subprocess.py:92} INFO - 2023-11-29
[2023-11-30 02:23:12,355] {subprocess.py:92} INFO - 2023-12-06
[2023-11-30 02:23:12,355] {subprocess.py:92} INFO - 2023-11-29
[2023-11-30 02:23:12,355] {subprocess.py:92} INFO - 2023-12-06
[2023-11-30 02:23:12,356] {subprocess.py:92} INFO - 2023-11-29
[2023-11-30 02:23:12,356] {subprocess.py:92} INFO - 2023-12-06
[2023-11-30 02:23:12,357] {subprocess.py:96} INFO - Command exited with return code 0
[2023-11-30 02:23:13,411] {taskinstance.py:1400} INFO - Marking task as SUCCESS. dag_id=tutorial, task_id=templated, execution_date=20231129T022248, start_date=20231130T022311, end_date=20231130T022313
[2023-11-30 02:23:13,493] {local_task_job.py:156} INFO - Task exited with return code 0
[2023-11-30 02:23:13,804] {local_task_job.py:273} INFO - 0 downstream tasks scheduled from follow-on schedule check
