[2023-11-30 04:38:40,178] {taskinstance.py:1159} INFO - Dependencies all met for <TaskInstance: final_project_3.running_automation scheduled__2023-11-29T00:00:00+00:00 [queued]>
[2023-11-30 04:38:40,208] {taskinstance.py:1159} INFO - Dependencies all met for <TaskInstance: final_project_3.running_automation scheduled__2023-11-29T00:00:00+00:00 [queued]>
[2023-11-30 04:38:40,209] {taskinstance.py:1356} INFO - 
--------------------------------------------------------------------------------
[2023-11-30 04:38:40,210] {taskinstance.py:1357} INFO - Starting attempt 1 of 4
[2023-11-30 04:38:40,212] {taskinstance.py:1358} INFO - 
--------------------------------------------------------------------------------
[2023-11-30 04:38:40,334] {taskinstance.py:1377} INFO - Executing <Task(BashOperator): running_automation> on 2023-11-29 00:00:00+00:00
[2023-11-30 04:38:40,389] {standard_task_runner.py:52} INFO - Started process 2005 to run task
[2023-11-30 04:38:40,403] {standard_task_runner.py:79} INFO - Running: ['***', 'tasks', 'run', 'final_project_3', 'running_automation', 'scheduled__2023-11-29T00:00:00+00:00', '--job-id', '12', '--raw', '--subdir', 'DAGS_FOLDER/dag_final.py', '--cfg-path', '/tmp/tmpkipw7psg', '--error-file', '/tmp/tmpc7k9ozfe']
[2023-11-30 04:38:40,404] {standard_task_runner.py:80} INFO - Job 12: Subtask running_automation
[2023-11-30 04:38:40,929] {task_command.py:369} INFO - Running <TaskInstance: final_project_3.running_automation scheduled__2023-11-29T00:00:00+00:00 [running]> on host 8e6e0b239644
[2023-11-30 04:38:41,266] {taskinstance.py:1571} INFO - Exporting the following env vars:
AIRFLOW_CTX_DAG_EMAIL=sebastiancahyoardhiiswara@gmail.com
AIRFLOW_CTX_DAG_OWNER=***
AIRFLOW_CTX_DAG_ID=final_project_3
AIRFLOW_CTX_TASK_ID=running_automation
AIRFLOW_CTX_EXECUTION_DATE=2023-11-29T00:00:00+00:00
AIRFLOW_CTX_TRY_NUMBER=1
AIRFLOW_CTX_DAG_RUN_ID=scheduled__2023-11-29T00:00:00+00:00
[2023-11-30 04:38:41,269] {subprocess.py:62} INFO - Tmp dir root location: 
 /tmp
[2023-11-30 04:38:41,270] {subprocess.py:74} INFO - Running command: ['bash', '-c', 'echo pwd ']
[2023-11-30 04:38:41,340] {subprocess.py:85} INFO - Output:
[2023-11-30 04:38:41,368] {subprocess.py:92} INFO - pwd
[2023-11-30 04:38:41,370] {subprocess.py:96} INFO - Command exited with return code 0
[2023-11-30 04:38:41,475] {taskinstance.py:1400} INFO - Marking task as SUCCESS. dag_id=final_project_3, task_id=running_automation, execution_date=20231129T000000, start_date=20231130T043840, end_date=20231130T043841
[2023-11-30 04:38:41,542] {local_task_job.py:156} INFO - Task exited with return code 0
[2023-11-30 04:38:41,675] {local_task_job.py:273} INFO - 0 downstream tasks scheduled from follow-on schedule check
