[2023-11-30 02:23:10,988] {taskinstance.py:1159} INFO - Dependencies all met for <TaskInstance: tutorial.sleep manual__2023-11-30T02:23:07.238197+00:00 [queued]>
[2023-11-30 02:23:11,017] {taskinstance.py:1159} INFO - Dependencies all met for <TaskInstance: tutorial.sleep manual__2023-11-30T02:23:07.238197+00:00 [queued]>
[2023-11-30 02:23:11,017] {taskinstance.py:1356} INFO - 
--------------------------------------------------------------------------------
[2023-11-30 02:23:11,018] {taskinstance.py:1357} INFO - Starting attempt 1 of 4
[2023-11-30 02:23:11,018] {taskinstance.py:1358} INFO - 
--------------------------------------------------------------------------------
[2023-11-30 02:23:11,068] {taskinstance.py:1377} INFO - Executing <Task(BashOperator): sleep> on 2023-11-30 02:23:07.238197+00:00
[2023-11-30 02:23:11,074] {standard_task_runner.py:52} INFO - Started process 208 to run task
[2023-11-30 02:23:11,081] {standard_task_runner.py:79} INFO - Running: ['***', 'tasks', 'run', 'tutorial', 'sleep', 'manual__2023-11-30T02:23:07.238197+00:00', '--job-id', '7', '--raw', '--subdir', 'DAGS_FOLDER/final_project.py', '--cfg-path', '/tmp/tmpw4fx2iop', '--error-file', '/tmp/tmp2hiw7sm2']
[2023-11-30 02:23:11,085] {standard_task_runner.py:80} INFO - Job 7: Subtask sleep
[2023-11-30 02:23:11,329] {task_command.py:369} INFO - Running <TaskInstance: tutorial.sleep manual__2023-11-30T02:23:07.238197+00:00 [running]> on host 8e6e0b239644
[2023-11-30 02:23:12,077] {taskinstance.py:1571} INFO - Exporting the following env vars:
AIRFLOW_CTX_DAG_EMAIL=***@example.com
AIRFLOW_CTX_DAG_OWNER=***
AIRFLOW_CTX_DAG_ID=tutorial
AIRFLOW_CTX_TASK_ID=sleep
AIRFLOW_CTX_EXECUTION_DATE=2023-11-30T02:23:07.238197+00:00
AIRFLOW_CTX_TRY_NUMBER=1
AIRFLOW_CTX_DAG_RUN_ID=manual__2023-11-30T02:23:07.238197+00:00
[2023-11-30 02:23:12,080] {subprocess.py:62} INFO - Tmp dir root location: 
 /tmp
[2023-11-30 02:23:12,084] {subprocess.py:74} INFO - Running command: ['bash', '-c', 'sleep 5']
[2023-11-30 02:23:12,161] {subprocess.py:85} INFO - Output:
[2023-11-30 02:23:17,270] {subprocess.py:96} INFO - Command exited with return code 0
[2023-11-30 02:23:17,328] {taskinstance.py:1400} INFO - Marking task as SUCCESS. dag_id=tutorial, task_id=sleep, execution_date=20231130T022307, start_date=20231130T022310, end_date=20231130T022317
[2023-11-30 02:23:17,370] {local_task_job.py:156} INFO - Task exited with return code 0
[2023-11-30 02:23:17,421] {local_task_job.py:273} INFO - 0 downstream tasks scheduled from follow-on schedule check
