[2023-11-30 02:23:11,099] {taskinstance.py:1159} INFO - Dependencies all met for <TaskInstance: tutorial.templated manual__2023-11-30T02:23:07.238197+00:00 [queued]>
[2023-11-30 02:23:11,140] {taskinstance.py:1159} INFO - Dependencies all met for <TaskInstance: tutorial.templated manual__2023-11-30T02:23:07.238197+00:00 [queued]>
[2023-11-30 02:23:11,141] {taskinstance.py:1356} INFO - 
--------------------------------------------------------------------------------
[2023-11-30 02:23:11,141] {taskinstance.py:1357} INFO - Starting attempt 1 of 2
[2023-11-30 02:23:11,150] {taskinstance.py:1358} INFO - 
--------------------------------------------------------------------------------
[2023-11-30 02:23:11,284] {taskinstance.py:1377} INFO - Executing <Task(BashOperator): templated> on 2023-11-30 02:23:07.238197+00:00
[2023-11-30 02:23:11,292] {standard_task_runner.py:52} INFO - Started process 210 to run task
[2023-11-30 02:23:11,298] {standard_task_runner.py:79} INFO - Running: ['***', 'tasks', 'run', 'tutorial', 'templated', 'manual__2023-11-30T02:23:07.238197+00:00', '--job-id', '9', '--raw', '--subdir', 'DAGS_FOLDER/final_project.py', '--cfg-path', '/tmp/tmpkv110taz', '--error-file', '/tmp/tmpbs_c0evw']
[2023-11-30 02:23:11,302] {standard_task_runner.py:80} INFO - Job 9: Subtask templated
[2023-11-30 02:23:11,685] {task_command.py:369} INFO - Running <TaskInstance: tutorial.templated manual__2023-11-30T02:23:07.238197+00:00 [running]> on host 8e6e0b239644
[2023-11-30 02:23:12,304] {taskinstance.py:1571} INFO - Exporting the following env vars:
AIRFLOW_CTX_DAG_EMAIL=***@example.com
AIRFLOW_CTX_DAG_OWNER=***
AIRFLOW_CTX_DAG_ID=tutorial
AIRFLOW_CTX_TASK_ID=templated
AIRFLOW_CTX_EXECUTION_DATE=2023-11-30T02:23:07.238197+00:00
AIRFLOW_CTX_TRY_NUMBER=1
AIRFLOW_CTX_DAG_RUN_ID=manual__2023-11-30T02:23:07.238197+00:00
[2023-11-30 02:23:12,310] {subprocess.py:62} INFO - Tmp dir root location: 
 /tmp
[2023-11-30 02:23:12,311] {subprocess.py:74} INFO - Running command: ['bash', '-c', '\n\n    echo "2023-11-30"\n    echo "2023-12-07"\n\n    echo "2023-11-30"\n    echo "2023-12-07"\n\n    echo "2023-11-30"\n    echo "2023-12-07"\n\n    echo "2023-11-30"\n    echo "2023-12-07"\n\n    echo "2023-11-30"\n    echo "2023-12-07"\n']
[2023-11-30 02:23:12,338] {subprocess.py:85} INFO - Output:
[2023-11-30 02:23:12,343] {subprocess.py:92} INFO - 2023-11-30
[2023-11-30 02:23:12,344] {subprocess.py:92} INFO - 2023-12-07
[2023-11-30 02:23:12,345] {subprocess.py:92} INFO - 2023-11-30
[2023-11-30 02:23:12,345] {subprocess.py:92} INFO - 2023-12-07
[2023-11-30 02:23:12,345] {subprocess.py:92} INFO - 2023-11-30
[2023-11-30 02:23:12,346] {subprocess.py:92} INFO - 2023-12-07
[2023-11-30 02:23:12,346] {subprocess.py:92} INFO - 2023-11-30
[2023-11-30 02:23:12,347] {subprocess.py:92} INFO - 2023-12-07
[2023-11-30 02:23:12,347] {subprocess.py:92} INFO - 2023-11-30
[2023-11-30 02:23:12,348] {subprocess.py:92} INFO - 2023-12-07
[2023-11-30 02:23:12,349] {subprocess.py:96} INFO - Command exited with return code 0
[2023-11-30 02:23:12,541] {taskinstance.py:1400} INFO - Marking task as SUCCESS. dag_id=tutorial, task_id=templated, execution_date=20231130T022307, start_date=20231130T022311, end_date=20231130T022312
[2023-11-30 02:23:13,484] {local_task_job.py:156} INFO - Task exited with return code 0
[2023-11-30 02:23:13,872] {local_task_job.py:273} INFO - 0 downstream tasks scheduled from follow-on schedule check
