[2023-12-03 18:36:34,597] {taskinstance.py:1159} INFO - Dependencies all met for <TaskInstance: dag_automation_daily.running_automation manual__2023-12-03T18:36:32.552218+00:00 [queued]>
[2023-12-03 18:36:34,612] {taskinstance.py:1159} INFO - Dependencies all met for <TaskInstance: dag_automation_daily.running_automation manual__2023-12-03T18:36:32.552218+00:00 [queued]>
[2023-12-03 18:36:34,612] {taskinstance.py:1356} INFO - 
--------------------------------------------------------------------------------
[2023-12-03 18:36:34,613] {taskinstance.py:1357} INFO - Starting attempt 1 of 2
[2023-12-03 18:36:34,613] {taskinstance.py:1358} INFO - 
--------------------------------------------------------------------------------
[2023-12-03 18:36:34,636] {taskinstance.py:1377} INFO - Executing <Task(BashOperator): running_automation> on 2023-12-03 18:36:32.552218+00:00
[2023-12-03 18:36:34,644] {standard_task_runner.py:52} INFO - Started process 818 to run task
[2023-12-03 18:36:34,649] {standard_task_runner.py:79} INFO - Running: ['***', 'tasks', 'run', 'dag_automation_daily', 'running_automation', 'manual__2023-12-03T18:36:32.552218+00:00', '--job-id', '47', '--raw', '--subdir', 'DAGS_FOLDER/dag.py', '--cfg-path', '/tmp/tmpjv_jgpmq', '--error-file', '/tmp/tmpk2qk_4a6']
[2023-12-03 18:36:34,650] {standard_task_runner.py:80} INFO - Job 47: Subtask running_automation
[2023-12-03 18:36:34,745] {task_command.py:369} INFO - Running <TaskInstance: dag_automation_daily.running_automation manual__2023-12-03T18:36:32.552218+00:00 [running]> on host c9140d11a0a8
[2023-12-03 18:36:35,014] {taskinstance.py:1571} INFO - Exporting the following env vars:
AIRFLOW_CTX_DAG_EMAIL=sebastiancahyoardhiiswara@gmail.com
AIRFLOW_CTX_DAG_OWNER=***
AIRFLOW_CTX_DAG_ID=dag_automation_daily
AIRFLOW_CTX_TASK_ID=running_automation
AIRFLOW_CTX_EXECUTION_DATE=2023-12-03T18:36:32.552218+00:00
AIRFLOW_CTX_TRY_NUMBER=1
AIRFLOW_CTX_DAG_RUN_ID=manual__2023-12-03T18:36:32.552218+00:00
[2023-12-03 18:36:35,020] {subprocess.py:62} INFO - Tmp dir root location: 
 /tmp
[2023-12-03 18:36:35,024] {subprocess.py:74} INFO - Running command: ['bash', '-c', 'python codes/automation.py']
[2023-12-03 18:36:35,044] {subprocess.py:85} INFO - Output:
[2023-12-03 18:36:38,323] {subprocess.py:96} INFO - Command exited with return code 0
[2023-12-03 18:36:38,368] {taskinstance.py:1400} INFO - Marking task as SUCCESS. dag_id=dag_automation_daily, task_id=running_automation, execution_date=20231203T183632, start_date=20231203T183634, end_date=20231203T183638
[2023-12-03 18:36:38,405] {local_task_job.py:156} INFO - Task exited with return code 0
[2023-12-03 18:36:38,457] {local_task_job.py:273} INFO - 0 downstream tasks scheduled from follow-on schedule check
