[2023-11-30 05:10:40,442] {taskinstance.py:1159} INFO - Dependencies all met for <TaskInstance: final_project_3.running_automation manual__2023-11-30T05:09:39.196059+00:00 [queued]>
[2023-11-30 05:10:40,461] {taskinstance.py:1159} INFO - Dependencies all met for <TaskInstance: final_project_3.running_automation manual__2023-11-30T05:09:39.196059+00:00 [queued]>
[2023-11-30 05:10:40,461] {taskinstance.py:1356} INFO - 
--------------------------------------------------------------------------------
[2023-11-30 05:10:40,461] {taskinstance.py:1357} INFO - Starting attempt 1 of 4
[2023-11-30 05:10:40,462] {taskinstance.py:1358} INFO - 
--------------------------------------------------------------------------------
[2023-11-30 05:10:40,507] {taskinstance.py:1377} INFO - Executing <Task(BashOperator): running_automation> on 2023-11-30 05:09:39.196059+00:00
[2023-11-30 05:10:40,516] {standard_task_runner.py:52} INFO - Started process 3598 to run task
[2023-11-30 05:10:40,523] {standard_task_runner.py:79} INFO - Running: ['***', 'tasks', 'run', 'final_project_3', 'running_automation', 'manual__2023-11-30T05:09:39.196059+00:00', '--job-id', '25', '--raw', '--subdir', 'DAGS_FOLDER/dag_final.py', '--cfg-path', '/tmp/tmpqnb6xdcq', '--error-file', '/tmp/tmpz5wn5ha3']
[2023-11-30 05:10:40,525] {standard_task_runner.py:80} INFO - Job 25: Subtask running_automation
[2023-11-30 05:10:40,644] {task_command.py:369} INFO - Running <TaskInstance: final_project_3.running_automation manual__2023-11-30T05:09:39.196059+00:00 [running]> on host 8e6e0b239644
[2023-11-30 05:10:40,937] {taskinstance.py:1571} INFO - Exporting the following env vars:
AIRFLOW_CTX_DAG_EMAIL=sebastiancahyoardhiiswara@gmail.com
AIRFLOW_CTX_DAG_OWNER=***
AIRFLOW_CTX_DAG_ID=final_project_3
AIRFLOW_CTX_TASK_ID=running_automation
AIRFLOW_CTX_EXECUTION_DATE=2023-11-30T05:09:39.196059+00:00
AIRFLOW_CTX_TRY_NUMBER=1
AIRFLOW_CTX_DAG_RUN_ID=manual__2023-11-30T05:09:39.196059+00:00
[2023-11-30 05:10:40,940] {subprocess.py:62} INFO - Tmp dir root location: 
 /tmp
[2023-11-30 05:10:40,941] {subprocess.py:74} INFO - Running command: ['bash', '-c', 'ls']
[2023-11-30 05:10:41,011] {subprocess.py:85} INFO - Output:
[2023-11-30 05:10:41,031] {subprocess.py:96} INFO - Command exited with return code 0
[2023-11-30 05:10:41,095] {taskinstance.py:1400} INFO - Marking task as SUCCESS. dag_id=final_project_3, task_id=running_automation, execution_date=20231130T050939, start_date=20231130T051040, end_date=20231130T051041
[2023-11-30 05:10:41,153] {local_task_job.py:156} INFO - Task exited with return code 0
[2023-11-30 05:10:41,215] {local_task_job.py:273} INFO - 0 downstream tasks scheduled from follow-on schedule check
