[2023-11-30 02:23:09,221] {taskinstance.py:1159} INFO - Dependencies all met for <TaskInstance: tutorial.print_date scheduled__2023-11-29T02:22:48.926496+00:00 [queued]>
[2023-11-30 02:23:09,257] {taskinstance.py:1159} INFO - Dependencies all met for <TaskInstance: tutorial.print_date scheduled__2023-11-29T02:22:48.926496+00:00 [queued]>
[2023-11-30 02:23:09,261] {taskinstance.py:1356} INFO - 
--------------------------------------------------------------------------------
[2023-11-30 02:23:09,262] {taskinstance.py:1357} INFO - Starting attempt 1 of 2
[2023-11-30 02:23:09,262] {taskinstance.py:1358} INFO - 
--------------------------------------------------------------------------------
[2023-11-30 02:23:09,330] {taskinstance.py:1377} INFO - Executing <Task(BashOperator): print_date> on 2023-11-29 02:22:48.926496+00:00
[2023-11-30 02:23:09,338] {standard_task_runner.py:52} INFO - Started process 200 to run task
[2023-11-30 02:23:09,349] {standard_task_runner.py:79} INFO - Running: ['***', 'tasks', 'run', 'tutorial', 'print_date', 'scheduled__2023-11-29T02:22:48.926496+00:00', '--job-id', '5', '--raw', '--subdir', 'DAGS_FOLDER/final_project.py', '--cfg-path', '/tmp/tmpbosafnxv', '--error-file', '/tmp/tmpb317tlex']
[2023-11-30 02:23:09,352] {standard_task_runner.py:80} INFO - Job 5: Subtask print_date
[2023-11-30 02:23:09,496] {task_command.py:369} INFO - Running <TaskInstance: tutorial.print_date scheduled__2023-11-29T02:22:48.926496+00:00 [running]> on host 8e6e0b239644
[2023-11-30 02:23:09,935] {taskinstance.py:1571} INFO - Exporting the following env vars:
AIRFLOW_CTX_DAG_EMAIL=***@example.com
AIRFLOW_CTX_DAG_OWNER=***
AIRFLOW_CTX_DAG_ID=tutorial
AIRFLOW_CTX_TASK_ID=print_date
AIRFLOW_CTX_EXECUTION_DATE=2023-11-29T02:22:48.926496+00:00
AIRFLOW_CTX_TRY_NUMBER=1
AIRFLOW_CTX_DAG_RUN_ID=scheduled__2023-11-29T02:22:48.926496+00:00
[2023-11-30 02:23:09,937] {subprocess.py:62} INFO - Tmp dir root location: 
 /tmp
[2023-11-30 02:23:09,941] {subprocess.py:74} INFO - Running command: ['bash', '-c', 'date']
[2023-11-30 02:23:09,957] {subprocess.py:85} INFO - Output:
[2023-11-30 02:23:09,965] {subprocess.py:92} INFO - Thu Nov 30 02:23:09 UTC 2023
[2023-11-30 02:23:09,966] {subprocess.py:96} INFO - Command exited with return code 0
[2023-11-30 02:23:10,049] {taskinstance.py:1400} INFO - Marking task as SUCCESS. dag_id=tutorial, task_id=print_date, execution_date=20231129T022248, start_date=20231130T022309, end_date=20231130T022310
[2023-11-30 02:23:10,099] {local_task_job.py:156} INFO - Task exited with return code 0
[2023-11-30 02:23:10,300] {local_task_job.py:273} INFO - 2 downstream tasks scheduled from follow-on schedule check
