[2023-11-30 11:10:18,913] {taskinstance.py:1159} INFO - Dependencies all met for <TaskInstance: final_project_3.check_working_directory manual__2023-11-30T11:10:15.882968+00:00 [queued]>
[2023-11-30 11:10:18,952] {taskinstance.py:1159} INFO - Dependencies all met for <TaskInstance: final_project_3.check_working_directory manual__2023-11-30T11:10:15.882968+00:00 [queued]>
[2023-11-30 11:10:18,953] {taskinstance.py:1356} INFO - 
--------------------------------------------------------------------------------
[2023-11-30 11:10:18,954] {taskinstance.py:1357} INFO - Starting attempt 1 of 4
[2023-11-30 11:10:18,954] {taskinstance.py:1358} INFO - 
--------------------------------------------------------------------------------
[2023-11-30 11:10:19,050] {taskinstance.py:1377} INFO - Executing <Task(BashOperator): check_working_directory> on 2023-11-30 11:10:15.882968+00:00
[2023-11-30 11:10:19,060] {standard_task_runner.py:52} INFO - Started process 4632 to run task
[2023-11-30 11:10:19,067] {standard_task_runner.py:79} INFO - Running: ['***', 'tasks', 'run', 'final_project_3', 'check_working_directory', 'manual__2023-11-30T11:10:15.882968+00:00', '--job-id', '36', '--raw', '--subdir', 'DAGS_FOLDER/dag_final.py', '--cfg-path', '/tmp/tmp1_aahk_6', '--error-file', '/tmp/tmpg2not0zk']
[2023-11-30 11:10:19,070] {standard_task_runner.py:80} INFO - Job 36: Subtask check_working_directory
[2023-11-30 11:10:19,212] {task_command.py:369} INFO - Running <TaskInstance: final_project_3.check_working_directory manual__2023-11-30T11:10:15.882968+00:00 [running]> on host 8e6e0b239644
[2023-11-30 11:10:19,562] {taskinstance.py:1571} INFO - Exporting the following env vars:
AIRFLOW_CTX_DAG_EMAIL=sebastiancahyoardhiiswara@gmail.com
AIRFLOW_CTX_DAG_OWNER=***
AIRFLOW_CTX_DAG_ID=final_project_3
AIRFLOW_CTX_TASK_ID=check_working_directory
AIRFLOW_CTX_EXECUTION_DATE=2023-11-30T11:10:15.882968+00:00
AIRFLOW_CTX_TRY_NUMBER=1
AIRFLOW_CTX_DAG_RUN_ID=manual__2023-11-30T11:10:15.882968+00:00
[2023-11-30 11:10:19,566] {subprocess.py:62} INFO - Tmp dir root location: 
 /tmp
[2023-11-30 11:10:19,567] {subprocess.py:74} INFO - Running command: ['bash', '-c', 'echo pwd']
[2023-11-30 11:10:19,591] {subprocess.py:85} INFO - Output:
[2023-11-30 11:10:19,601] {subprocess.py:92} INFO - pwd
[2023-11-30 11:10:19,601] {subprocess.py:96} INFO - Command exited with return code 0
[2023-11-30 11:10:19,684] {taskinstance.py:1400} INFO - Marking task as SUCCESS. dag_id=final_project_3, task_id=check_working_directory, execution_date=20231130T111015, start_date=20231130T111018, end_date=20231130T111019
[2023-11-30 11:10:19,772] {local_task_job.py:156} INFO - Task exited with return code 0
[2023-11-30 11:10:19,883] {local_task_job.py:273} INFO - 2 downstream tasks scheduled from follow-on schedule check
