[2023-11-30 04:38:40,128] {taskinstance.py:1159} INFO - Dependencies all met for <TaskInstance: final_project_3.running_automation manual__2023-11-30T04:38:36.173566+00:00 [queued]>
[2023-11-30 04:38:40,157] {taskinstance.py:1159} INFO - Dependencies all met for <TaskInstance: final_project_3.running_automation manual__2023-11-30T04:38:36.173566+00:00 [queued]>
[2023-11-30 04:38:40,158] {taskinstance.py:1356} INFO - 
--------------------------------------------------------------------------------
[2023-11-30 04:38:40,161] {taskinstance.py:1357} INFO - Starting attempt 1 of 4
[2023-11-30 04:38:40,165] {taskinstance.py:1358} INFO - 
--------------------------------------------------------------------------------
[2023-11-30 04:38:40,222] {taskinstance.py:1377} INFO - Executing <Task(BashOperator): running_automation> on 2023-11-30 04:38:36.173566+00:00
[2023-11-30 04:38:40,257] {standard_task_runner.py:52} INFO - Started process 2004 to run task
[2023-11-30 04:38:40,265] {standard_task_runner.py:79} INFO - Running: ['***', 'tasks', 'run', 'final_project_3', 'running_automation', 'manual__2023-11-30T04:38:36.173566+00:00', '--job-id', '13', '--raw', '--subdir', 'DAGS_FOLDER/dag_final.py', '--cfg-path', '/tmp/tmpdhxwveuy', '--error-file', '/tmp/tmpd1j3hr8h']
[2023-11-30 04:38:40,267] {standard_task_runner.py:80} INFO - Job 13: Subtask running_automation
[2023-11-30 04:38:40,785] {task_command.py:369} INFO - Running <TaskInstance: final_project_3.running_automation manual__2023-11-30T04:38:36.173566+00:00 [running]> on host 8e6e0b239644
[2023-11-30 04:38:41,282] {taskinstance.py:1571} INFO - Exporting the following env vars:
AIRFLOW_CTX_DAG_EMAIL=sebastiancahyoardhiiswara@gmail.com
AIRFLOW_CTX_DAG_OWNER=***
AIRFLOW_CTX_DAG_ID=final_project_3
AIRFLOW_CTX_TASK_ID=running_automation
AIRFLOW_CTX_EXECUTION_DATE=2023-11-30T04:38:36.173566+00:00
AIRFLOW_CTX_TRY_NUMBER=1
AIRFLOW_CTX_DAG_RUN_ID=manual__2023-11-30T04:38:36.173566+00:00
[2023-11-30 04:38:41,293] {subprocess.py:62} INFO - Tmp dir root location: 
 /tmp
[2023-11-30 04:38:41,298] {subprocess.py:74} INFO - Running command: ['bash', '-c', 'echo pwd ']
[2023-11-30 04:38:41,340] {subprocess.py:85} INFO - Output:
[2023-11-30 04:38:41,371] {subprocess.py:92} INFO - pwd
[2023-11-30 04:38:41,371] {subprocess.py:96} INFO - Command exited with return code 0
[2023-11-30 04:38:41,610] {taskinstance.py:1400} INFO - Marking task as SUCCESS. dag_id=final_project_3, task_id=running_automation, execution_date=20231130T043836, start_date=20231130T043840, end_date=20231130T043841
[2023-11-30 04:38:41,682] {local_task_job.py:156} INFO - Task exited with return code 0
[2023-11-30 04:38:41,758] {local_task_job.py:273} INFO - 0 downstream tasks scheduled from follow-on schedule check
