[2023-11-30 11:17:19,944] {taskinstance.py:1159} INFO - Dependencies all met for <TaskInstance: final_project_3.check_working_directory manual__2023-11-30T11:17:17.082708+00:00 [queued]>
[2023-11-30 11:17:19,960] {taskinstance.py:1159} INFO - Dependencies all met for <TaskInstance: final_project_3.check_working_directory manual__2023-11-30T11:17:17.082708+00:00 [queued]>
[2023-11-30 11:17:19,961] {taskinstance.py:1356} INFO - 
--------------------------------------------------------------------------------
[2023-11-30 11:17:19,961] {taskinstance.py:1357} INFO - Starting attempt 1 of 4
[2023-11-30 11:17:19,961] {taskinstance.py:1358} INFO - 
--------------------------------------------------------------------------------
[2023-11-30 11:17:19,985] {taskinstance.py:1377} INFO - Executing <Task(BashOperator): check_working_directory> on 2023-11-30 11:17:17.082708+00:00
[2023-11-30 11:17:20,010] {standard_task_runner.py:52} INFO - Started process 4970 to run task
[2023-11-30 11:17:20,016] {standard_task_runner.py:79} INFO - Running: ['***', 'tasks', 'run', 'final_project_3', 'check_working_directory', 'manual__2023-11-30T11:17:17.082708+00:00', '--job-id', '42', '--raw', '--subdir', 'DAGS_FOLDER/dag_final.py', '--cfg-path', '/tmp/tmpt0s359e9', '--error-file', '/tmp/tmpe5k4a1e5']
[2023-11-30 11:17:20,018] {standard_task_runner.py:80} INFO - Job 42: Subtask check_working_directory
[2023-11-30 11:17:20,129] {task_command.py:369} INFO - Running <TaskInstance: final_project_3.check_working_directory manual__2023-11-30T11:17:17.082708+00:00 [running]> on host 8e6e0b239644
[2023-11-30 11:17:20,284] {taskinstance.py:1571} INFO - Exporting the following env vars:
AIRFLOW_CTX_DAG_EMAIL=sebastiancahyoardhiiswara@gmail.com
AIRFLOW_CTX_DAG_OWNER=***
AIRFLOW_CTX_DAG_ID=final_project_3
AIRFLOW_CTX_TASK_ID=check_working_directory
AIRFLOW_CTX_EXECUTION_DATE=2023-11-30T11:17:17.082708+00:00
AIRFLOW_CTX_TRY_NUMBER=1
AIRFLOW_CTX_DAG_RUN_ID=manual__2023-11-30T11:17:17.082708+00:00
[2023-11-30 11:17:20,288] {subprocess.py:62} INFO - Tmp dir root location: 
 /tmp
[2023-11-30 11:17:20,288] {subprocess.py:74} INFO - Running command: ['bash', '-c', 'echo pwd']
[2023-11-30 11:17:20,323] {subprocess.py:85} INFO - Output:
[2023-11-30 11:17:20,328] {subprocess.py:92} INFO - pwd
[2023-11-30 11:17:20,329] {subprocess.py:96} INFO - Command exited with return code 0
[2023-11-30 11:17:20,385] {taskinstance.py:1400} INFO - Marking task as SUCCESS. dag_id=final_project_3, task_id=check_working_directory, execution_date=20231130T111717, start_date=20231130T111719, end_date=20231130T111720
[2023-11-30 11:17:20,442] {local_task_job.py:156} INFO - Task exited with return code 0
[2023-11-30 11:17:20,518] {local_task_job.py:273} INFO - 2 downstream tasks scheduled from follow-on schedule check
